
SQL*Loader: Release 19.0.0.0.0 - Production on Wed Sep 7 18:11:18 2022
Version 19.3.0.0.0

Copyright (c) 1982, 2019, Oracle and/or its affiliates.  All rights reserved.

Control File:   control.ctl
Data File:      data.txt
  Bad File:     data.bad
  Discard File:  none specified
 
 (Allow all discards)

Number to load: ALL
Number to skip: 0
Errors allowed: 9999
Bind array:     250 rows, maximum of 1048576 bytes
Continuation:    none specified
Path used:      Conventional

Table EMPLOYEE_PROFILE, loaded from every logical record.
Insert option in effect for this table: APPEND

   Column Name                  Position   Len  Term Encl Datatype
------------------------------ ---------- ----- ---- ---- ---------------------
EMPID                               FIRST     *   ,       CHARACTER            
RESUME_FILE_NAME                     NEXT   500   ,       CHARACTER            
  (FILLER FIELD)
RESUME                            DERIVED     *  EOF      CHARACTER            
    Dynamic LOBFILE.  Filename in field RESUME_FILE_NAME
PROFILE_PIC_FILE_NAME                NEXT   100   ,       CHARACTER            
  (FILLER FIELD)
PROFILE_PIC                       DERIVED     *  EOF      CHARACTER            
    Dynamic LOBFILE.  Filename in field PROFILE_PIC_FILE_NAME


Table EMPLOYEE_PROFILE:
  1 Row successfully loaded.
  0 Rows not loaded due to data errors.
  0 Rows not loaded because all WHEN clauses were failed.
  0 Rows not loaded because all fields were null.


Space allocated for bind array:                 215500 bytes(250 rows)
Read   buffer bytes: 1048576

Total logical records skipped:          0
Total logical records read:             1
Total logical records rejected:         0
Total logical records discarded:        0

Run began on Wed Sep 07 18:11:18 2022
Run ended on Wed Sep 07 18:11:23 2022

Elapsed time was:     00:00:04.70
CPU time was:         00:00:01.79
